#
# A fatal error has been detected by the Java Runtime Environment:
#
#  SIGSEGV (0xb) at pc=0x00007fff8b0910dd, pid=14803, tid=1811
#
# JRE version: Java(TM) SE Runtime Environment (8.0_60-b27) (build 1.8.0_60-b27)
# Java VM: Java HotSpot(TM) 64-Bit Server VM (25.60-b23 mixed mode bsd-amd64 compressed oops)
# Problematic frame:
# C  [libobjc.A.dylib+0x10dd]  objc_msgSend+0x1d
#
# Failed to write core dump. Core dumps have been disabled. To enable core dumping, try "ulimit -c unlimited" before starting Java again
#
# If you would like to submit a bug report, please visit:
#   http://bugreport.java.com/bugreport/crash.jsp
# The crash happened outside the Java Virtual Machine in native code.
# See problematic frame for where to report the bug.
#

---------------  T H R E A D  ---------------

Current thread (0x00007feffc01e800):  JavaThread "AWT-AppKit" daemon [_thread_in_native, id=1811, stack(0x00007fff57755000,0x00007fff57f55000)]

siginfo: si_signo: 11 (SIGSEGV), si_code: 1 (SEGV_MAPERR), si_addr: 0x0000000000000018

Registers:
RAX=0x00007fefff8ea480, RBX=0x00000001924f43b0, RCX=0x000000012556d3c0, RDX=0x00000001245e5920
RSP=0x00007fff57f50308, RBP=0x00007fff57f503c0, RSI=0x00007fff8976040f, RDI=0x00007fefff8edaa0
R8 =0x0000000000000000, R9 =0x0000000000000f50, R10=0x00007fff8976040f, R11=0x0000000000000000
R12=0x0000000000000000, R13=0x0000000193fb07a8, R14=0x00000001924f43a0, R15=0x00007feffc01e800
RIP=0x00007fff8b0910dd, EFLAGS=0x0000000000010246, ERR=0x0000000000000004
  TRAPNO=0x000000000000000e

Top of Stack: (sp=0x00007fff57f50308)
0x00007fff57f50308:   00000001924f25d7 00007fff57f50360
0x00007fff57f50318:   0000000000000003 00007fff57f50340
0x00007fff57f50328:   00000001087f1992 0000000193fb07a8
0x00007fff57f50338:   0000000193fb07a8 00007fefff8ea480
0x00007fff57f50348:   00000001924f45c0 00000001924f4640
0x00007fff57f50358:   00000001924f43b0 00007fff780a3550
0x00007fff57f50368:   00000001924f45d0 00007fff76a1fc80
0x00007fff57f50378:   00007fefff8ea480 00007fefff8edaa0
0x00007fff57f50388:   00007feffae654d0 00007fefff8ea480
0x00007fff57f50398:   00007fefff8edaa0 00007fff57f50440
0x00007fff57f503a8:   00007feffc01e9f8 0000000193fb07a8
0x00007fff57f503b8:   00007fff57f50468 00007fff57f50430
0x00007fff57f503c8:   00000001096d6954 00007fff57f50430
0x00007fff57f503d8:   00000001096d66d9 00000001096e2823
0x00007fff57f503e8:   00000001096d66a2 00007fff57f503f0
0x00007fff57f503f8:   0000000193fb07a8 00007fff57f50468
0x00007fff57f50408:   0000000193fb2f98 0000000000000000
0x00007fff57f50418:   0000000193fb07a8 0000000000000000
0x00007fff57f50428:   00007fff57f50450 00007fff57f504b0
0x00007fff57f50438:   00000001096c8c4d 00000007ab356f90
0x00007fff57f50448:   00000001096d0578 00007fefff8ea480
0x00007fff57f50458:   00000001096d1db9 00007fefff8edaa0
0x00007fff57f50468:   00000001096d1d82 00007fff57f50470
0x00007fff57f50478:   0000000193fb0972 00007fff57f504d8
0x00007fff57f50488:   0000000193fb2f98 0000000000000000
0x00007fff57f50498:   0000000193fb0980 00007fff57f50450
0x00007fff57f504a8:   00007fff57f504c0 00007fff57f50520
0x00007fff57f504b8:   00000001096c8c4d 00007fefff8ea480
0x00007fff57f504c8:   00000007ab35f678 00007fefff8edaa0
0x00007fff57f504d8:   00000007ab35f678 00007fff57f504e0
0x00007fff57f504e8:   000000019458a57e 00007fff57f50530
0x00007fff57f504f8:   000000019458a638 0000000000000000 

Instructions: (pc=0x00007fff8b0910dd)
0x00007fff8b0910bd:   00 00 00 48 85 ff 2e 74 7a 40 f6 c7 01 2e 75 7e
0x00007fff8b0910cd:   49 bb f8 ff ff ff ff 7f 00 00 4c 23 1f 49 89 f2
0x00007fff8b0910dd:   45 23 53 18 49 c1 e2 04 4d 03 53 10 49 3b 32 75
0x00007fff8b0910ed:   04 41 ff 62 08 49 83 3a 00 74 6a 4d 3b 53 10 74 

Register to memory mapping:

RAX=0x00007fefff8ea480 is an unknown value
RBX=0x00000001924f43b0: Java_jogamp_nativewindow_macosx_OSXUtil_GetScreenRefreshRate0+0x1850 in /private/var/folders/s9/msrbz975281bgjs5l4v728340000gn/T/jogamp_0000/file_cache/jln3948974323461908168/jln2152868912387289738/libnativewindow_macosx.jnilib at 0x00000001924ed000
RCX=0x000000012556d3c0 is an unknown value
RDX=0x00000001245e5920 is an unknown value
RSP=0x00007fff57f50308 is pointing into the stack for thread: 0x00007feffc01e800
RBP=0x00007fff57f503c0 is pointing into the stack for thread: 0x00007feffc01e800
RSI=0x00007fff8976040f is an unknown value
RDI=0x00007fefff8edaa0 is an unknown value
R8 =0x0000000000000000 is an unknown value
R9 =0x0000000000000f50 is an unknown value
R10=0x00007fff8976040f is an unknown value
R11=0x0000000000000000 is an unknown value
R12=0x0000000000000000 is an unknown value
R13={method} {0x0000000193fb07a8} 'UnsetJAWTRootSurfaceLayer0' '(JJ)V' in 'jogamp/nativewindow/jawt/macosx/MacOSXJAWTWindow'
R14=0x00000001924f43a0: Java_jogamp_nativewindow_macosx_OSXUtil_GetScreenRefreshRate0+0x1840 in /private/var/folders/s9/msrbz975281bgjs5l4v728340000gn/T/jogamp_0000/file_cache/jln3948974323461908168/jln2152868912387289738/libnativewindow_macosx.jnilib at 0x00000001924ed000
R15=0x00007feffc01e800 is a thread


Stack: [0x00007fff57755000,0x00007fff57f55000],  sp=0x00007fff57f50308,  free space=8172k
Native frames: (J=compiled Java code, j=interpreted, Vv=VM code, C=native code)
C  [libobjc.A.dylib+0x10dd]  objc_msgSend+0x1d
j  jogamp.nativewindow.jawt.macosx.MacOSXJAWTWindow.UnsetJAWTRootSurfaceLayer0(JJ)V+0
j  jogamp.nativewindow.jawt.macosx.MacOSXJAWTWindow.access$200(JJ)V+2
j  jogamp.nativewindow.jawt.macosx.MacOSXJAWTWindow$1.run()V+38
j  com.jogamp.common.util.RunnableTask.run()V+24
v  ~StubRoutines::call_stub
V  [libjvm.dylib+0x2eab0e]  JavaCalls::call_helper(JavaValue*, methodHandle*, JavaCallArguments*, Thread*)+0x6ae
V  [libjvm.dylib+0x321bb7]  jni_invoke_nonstatic(JNIEnv_*, JavaValue*, _jobject*, JNICallType, _jmethodID*, JNI_ArgumentPusher*, Thread*)+0x2ec
V  [libjvm.dylib+0x31438b]  jni_CallVoidMethod+0x16b
C  [libnativewindow_macosx.jnilib+0x57ae]  Java_jogamp_nativewindow_jawt_macosx_MacOSXJAWTWindow_UnsetJAWTRootSurfaceLayer0+0x2be
C  [Foundation+0x92dd0]  __NSThreadPerformPerform+0x125
C  [CoreFoundation+0x80a01]  __CFRUNLOOP_IS_CALLING_OUT_TO_A_SOURCE0_PERFORM_FUNCTION__+0x11
C  [CoreFoundation+0x72c5c]  __CFRunLoopDoSources0+0x1dc
C  [CoreFoundation+0x721bf]  __CFRunLoopRun+0x39f
C  [CoreFoundation+0x71bd8]  CFRunLoopRunSpecific+0x128
C  [HIToolbox+0x3256f]  RunCurrentEventLoopInMode+0xeb
C  [HIToolbox+0x321ee]  ReceiveNextEventCommon+0xb3
C  [HIToolbox+0x3212b]  _BlockUntilNextEventMatchingListInModeWithFilter+0x47
C  [AppKit+0x918ab]  _DPSNextEvent+0x3d2
C  [AppKit+0x90e58]  -[NSApplication nextEventMatchingMask:untilDate:inMode:dequeue:]+0x15a
C  [libosxapp.dylib+0x23aa]  -[NSApplicationAWT nextEventMatchingMask:untilDate:inMode:dequeue:]+0x7c
C  [AppKit+0x86af3]  -[NSApplication run]+0x252
C  [libosxapp.dylib+0x214d]  +[NSApplicationAWT runAWTLoopWithApp:]+0x9c
C  [libawt_lwawt.dylib+0x44517]  -[AWTStarter starter:]+0x389
C  [Foundation+0x92dd0]  __NSThreadPerformPerform+0x125
C  [CoreFoundation+0x80a01]  __CFRUNLOOP_IS_CALLING_OUT_TO_A_SOURCE0_PERFORM_FUNCTION__+0x11
C  [CoreFoundation+0x72b8d]  __CFRunLoopDoSources0+0x10d
C  [CoreFoundation+0x721bf]  __CFRunLoopRun+0x39f
C  [CoreFoundation+0x71bd8]  CFRunLoopRunSpecific+0x128
C  [java+0x6463]  CreateExecutionEnvironment+0x367
C  [java+0x21ac]  JLI_Launch+0x7a0
C  [java+0x84c0]  main+0x65
C  [java+0x1a04]  start+0x34
C  0x0000000000000007

Java frames: (J=compiled Java code, j=interpreted, Vv=VM code)
j  jogamp.nativewindow.jawt.macosx.MacOSXJAWTWindow.UnsetJAWTRootSurfaceLayer0(JJ)V+0
j  jogamp.nativewindow.jawt.macosx.MacOSXJAWTWindow.access$200(JJ)V+2
j  jogamp.nativewindow.jawt.macosx.MacOSXJAWTWindow$1.run()V+38
j  com.jogamp.common.util.RunnableTask.run()V+24
v  ~StubRoutines::call_stub

---------------  P R O C E S S  ---------------

Java Threads: ( => current thread )
  0x00007feffc7f7800 JavaThread "Thread-3" [_thread_blocked, id=37135, stack(0x000000019266f000,0x000000019276f000)]
  0x00007feffbeab800 JavaThread "AWT-EventQueue-1" [_thread_in_native, id=61979, stack(0x0000000192dcd000,0x0000000192ecd000)]
  0x00007feffc807000 JavaThread "DestroyJavaVM" [_thread_blocked, id=4867, stack(0x000000010958a000,0x000000010968a000)]
  0x00007feffb9d0000 JavaThread "AWT-EventQueue-0" [_thread_blocked, id=54019, stack(0x00000001255fa000,0x00000001256fa000)]
  0x00007feffc24f000 JavaThread "Java2D Disposer" daemon [_thread_blocked, id=50967, stack(0x0000000124376000,0x0000000124476000)]
  0x00007feffb925000 JavaThread "Java2D Queue Flusher" daemon [_thread_blocked, id=49671, stack(0x0000000123377000,0x0000000123477000)]
  0x00007feffc20e000 JavaThread "AWT-Shutdown" [_thread_blocked, id=27667, stack(0x0000000120991000,0x0000000120a91000)]
=>0x00007feffc01e800 JavaThread "AWT-AppKit" daemon [_thread_in_native, id=1811, stack(0x00007fff57755000,0x00007fff57f55000)]
  0x00007feffc82c000 JavaThread "Service Thread" daemon [_thread_blocked, id=18179, stack(0x000000011eee3000,0x000000011efe3000)]
  0x00007feffc829000 JavaThread "C1 CompilerThread2" daemon [_thread_blocked, id=17667, stack(0x000000011ede0000,0x000000011eee0000)]
  0x00007feffc823000 JavaThread "C2 CompilerThread1" daemon [_thread_blocked, id=17155, stack(0x000000011ecdd000,0x000000011eddd000)]
  0x00007feffb80a800 JavaThread "C2 CompilerThread0" daemon [_thread_blocked, id=16643, stack(0x000000011ebda000,0x000000011ecda000)]
  0x00007feffb029800 JavaThread "Signal Dispatcher" daemon [_thread_blocked, id=13579, stack(0x000000011ead7000,0x000000011ebd7000)]
  0x00007feffb006000 JavaThread "Finalizer" daemon [_thread_blocked, id=11523, stack(0x000000011d0b9000,0x000000011d1b9000)]
  0x00007feffb830800 JavaThread "Reference Handler" daemon [_thread_blocked, id=11011, stack(0x000000011cfb6000,0x000000011d0b6000)]

Other Threads:
  0x00007feffb830000 VMThread [stack: 0x000000011ceb3000,0x000000011cfb3000] [id=10499]
  0x00007feffc822000 WatcherThread [stack: 0x000000011efe6000,0x000000011f0e6000] [id=18691]

VM state:not at safepoint (normal execution)

VM Mutex/Monitor currently owned by a thread: None

Heap:
 PSYoungGen      total 18944K, used 17023K [0x00000007aab00000, 0x00000007ac000000, 0x00000007c0000000)
  eden space 16384K, 88% used [0x00000007aab00000,0x00000007ab927c00,0x00000007abb00000)
  from space 2560K, 98% used [0x00000007abd80000,0x00000007abff8020,0x00000007ac000000)
  to   space 2560K, 0% used [0x00000007abb00000,0x00000007abb00000,0x00000007abd80000)
 ParOldGen       total 44032K, used 3011K [0x0000000780000000, 0x0000000782b00000, 0x00000007aab00000)
  object space 44032K, 6% used [0x0000000780000000,0x00000007802f0f80,0x0000000782b00000)
 Metaspace       used 18369K, capacity 18621K, committed 18816K, reserved 1067008K
  class space    used 1842K, capacity 1917K, committed 1920K, reserved 1048576K

Card table byte_map: [0x0000000118a81000,0x0000000118c82000] byte_map_base: 0x0000000114e81000

Marking Bits: (ParMarkBitMap*) 0x0000000108edee20
 Begin Bits: [0x00000001191e4000, 0x000000011a1e4000)
 End Bits:   [0x000000011a1e4000, 0x000000011b1e4000)

Polling page: 0x0000000107dcf000

CodeCache: size=245760Kb used=3982Kb max_used=3982Kb free=241777Kb
 bounds [0x00000001096c1000, 0x0000000109ab1000, 0x00000001186c1000]
 total_blobs=1859 nmethods=992 adapters=781
 compilation: enabled

Compilation events (10 events):
Event: 33.256 Thread 0x00007feffc829000  987       3       sun.awt.SunToolkit::getAppContext (42 bytes)
Event: 33.257 Thread 0x00007feffc829000 nmethod 987 0x0000000109aa4850 code [0x0000000109aa4a40, 0x0000000109aa5438]
Event: 33.286 Thread 0x00007feffc829000  988       3       java.awt.Component::isValid (20 bytes)
Event: 33.287 Thread 0x00007feffc829000 nmethod 988 0x0000000109aa56d0 code [0x0000000109aa5840, 0x0000000109aa5a30]
Event: 33.287 Thread 0x00007feffc829000  989       1       java.awt.EventQueue::access$400 (5 bytes)
Event: 33.287 Thread 0x00007feffc829000 nmethod 989 0x0000000109aa5a90 code [0x0000000109aa5be0, 0x0000000109aa5cd0]
Event: 33.287 Thread 0x00007feffc829000  990       1       java.awt.Component::isVisible_NoClientCode (5 bytes)
Event: 33.287 Thread 0x00007feffc829000 nmethod 990 0x0000000109aa5d50 code [0x0000000109aa5ea0, 0x0000000109aa5fb0]
Event: 33.304 Thread 0x00007feffc829000  992       1       sun.java2d.SurfaceData::isValid (5 bytes)
Event: 33.305 Thread 0x00007feffc829000 nmethod 992 0x0000000109aa6390 code [0x0000000109aa64e0, 0x0000000109aa65f0]

GC Heap History (4 events):
Event: 2.667 GC heap before
{Heap before GC invocations=1 (full 0):
 PSYoungGen      total 18944K, used 16384K [0x00000007aab00000, 0x00000007ac000000, 0x00000007c0000000)
  eden space 16384K, 100% used [0x00000007aab00000,0x00000007abb00000,0x00000007abb00000)
  from space 2560K, 0% used [0x00000007abd80000,0x00000007abd80000,0x00000007ac000000)
  to   space 2560K, 0% used [0x00000007abb00000,0x00000007abb00000,0x00000007abd80000)
 ParOldGen       total 44032K, used 0K [0x0000000780000000, 0x0000000782b00000, 0x00000007aab00000)
  object space 44032K, 0% used [0x0000000780000000,0x0000000780000000,0x0000000782b00000)
 Metaspace       used 11989K, capacity 12202K, committed 12544K, reserved 1060864K
  class space    used 1346K, capacity 1443K, committed 1536K, reserved 1048576K
Event: 2.674 GC heap after
Heap after GC invocations=1 (full 0):
 PSYoungGen      total 18944K, used 2544K [0x00000007aab00000, 0x00000007ac000000, 0x00000007c0000000)
  eden space 16384K, 0% used [0x00000007aab00000,0x00000007aab00000,0x00000007abb00000)
  from space 2560K, 99% used [0x00000007abb00000,0x00000007abd7c010,0x00000007abd80000)
  to   space 2560K, 0% used [0x00000007abd80000,0x00000007abd80000,0x00000007ac000000)
 ParOldGen       total 44032K, used 1186K [0x0000000780000000, 0x0000000782b00000, 0x00000007aab00000)
  object space 44032K, 2% used [0x0000000780000000,0x0000000780128bf8,0x0000000782b00000)
 Metaspace       used 11989K, capacity 12202K, committed 12544K, reserved 1060864K
  class space    used 1346K, capacity 1443K, committed 1536K, reserved 1048576K
}
Event: 3.150 GC heap before
{Heap before GC invocations=2 (full 0):
 PSYoungGen      total 18944K, used 18928K [0x00000007aab00000, 0x00000007ac000000, 0x00000007c0000000)
  eden space 16384K, 100% used [0x00000007aab00000,0x00000007abb00000,0x00000007abb00000)
  from space 2560K, 99% used [0x00000007abb00000,0x00000007abd7c010,0x00000007abd80000)
  to   space 2560K, 0% used [0x00000007abd80000,0x00000007abd80000,0x00000007ac000000)
 ParOldGen       total 44032K, used 1186K [0x0000000780000000, 0x0000000782b00000, 0x00000007aab00000)
  object space 44032K, 2% used [0x0000000780000000,0x0000000780128bf8,0x0000000782b00000)
 Metaspace       used 16905K, capacity 17111K, committed 17408K, reserved 1064960K
  class space    used 1671K, capacity 1756K, committed 1792K, reserved 1048576K
Event: 3.157 GC heap after
Heap after GC invocations=2 (full 0):
 PSYoungGen      total 18944K, used 2528K [0x00000007aab00000, 0x00000007ac000000, 0x00000007c0000000)
  eden space 16384K, 0% used [0x00000007aab00000,0x00000007aab00000,0x00000007abb00000)
  from space 2560K, 98% used [0x00000007abd80000,0x00000007abff8020,0x00000007ac000000)
  to   space 2560K, 0% used [0x00000007abb00000,0x00000007abb00000,0x00000007abd80000)
 ParOldGen       total 44032K, used 3011K [0x0000000780000000, 0x0000000782b00000, 0x00000007aab00000)
  object space 44032K, 6% used [0x0000000780000000,0x00000007802f0f80,0x0000000782b00000)
 Metaspace       used 16905K, capacity 17111K, committed 17408K, reserved 1064960K
  class space    used 1671K, capacity 1756K, committed 1792K, reserved 1048576K
}

Deoptimization events (2 events):
Event: 2.520 Thread 0x00007feffbe90000 Uncommon trap: reason=unstable_if action=reinterpret pc=0x00000001098794a0 method=java.lang.String.indexOf([CII[CIII)I @ 3
Event: 3.839 Thread 0x00007feffb143000 Uncommon trap: reason=unstable_if action=reinterpret pc=0x0000000109a82e88 method=sun.net.www.ParseUtil.encodePath(Ljava/lang/String;Z)Ljava/lang/String; @ 109

Internal exceptions (10 events):
Event: 4.033 Thread 0x00007feffbeab800 Exception <a 'java/io/FileNotFoundException'> (0x00000007ab4be458) thrown at [/Users/java_re/workspace/8-2-build-macosx-x86_64/jdk8u60/4407/hotspot/src/share/vm/prims/jni.cpp, line 709]
Event: 4.033 Thread 0x00007feffbeab800 Exception <a 'java/io/FileNotFoundException'> (0x00000007ab4bf098) thrown at [/Users/java_re/workspace/8-2-build-macosx-x86_64/jdk8u60/4407/hotspot/src/share/vm/prims/jni.cpp, line 709]
Event: 4.035 Thread 0x00007feffbeab800 Exception <a 'java/io/FileNotFoundException'> (0x00000007ab4c1f30) thrown at [/Users/java_re/workspace/8-2-build-macosx-x86_64/jdk8u60/4407/hotspot/src/share/vm/prims/jni.cpp, line 709]
Event: 4.036 Thread 0x00007feffbeab800 Exception <a 'java/io/FileNotFoundException'> (0x00000007ab8af170) thrown at [/Users/java_re/workspace/8-2-build-macosx-x86_64/jdk8u60/4407/hotspot/src/share/vm/prims/jni.cpp, line 709]
Event: 4.036 Thread 0x00007feffbeab800 Exception <a 'java/io/FileNotFoundException'> (0x00000007ab8b0648) thrown at [/Users/java_re/workspace/8-2-build-macosx-x86_64/jdk8u60/4407/hotspot/src/share/vm/prims/jni.cpp, line 709]
Event: 4.036 Thread 0x00007feffbeab800 Exception <a 'java/io/FileNotFoundException'> (0x00000007ab8b16c8) thrown at [/Users/java_re/workspace/8-2-build-macosx-x86_64/jdk8u60/4407/hotspot/src/share/vm/prims/jni.cpp, line 709]
Event: 4.036 Thread 0x00007feffbeab800 Exception <a 'java/io/FileNotFoundException'> (0x00000007ab8b2500) thrown at [/Users/java_re/workspace/8-2-build-macosx-x86_64/jdk8u60/4407/hotspot/src/share/vm/prims/jni.cpp, line 709]
Event: 4.036 Thread 0x00007feffbeab800 Exception <a 'java/io/FileNotFoundException'> (0x00000007ab8b3328) thrown at [/Users/java_re/workspace/8-2-build-macosx-x86_64/jdk8u60/4407/hotspot/src/share/vm/prims/jni.cpp, line 709]
Event: 4.041 Thread 0x00007feffbeab800 Exception <a 'java/lang/NullPointerException'> (0x00000007ab8b3e98) thrown at [/Users/java_re/workspace/8-2-build-macosx-x86_64/jdk8u60/4407/hotspot/src/share/vm/prims/jvm.cpp, line 1390]
Event: 4.041 Thread 0x00007feffbeab800 Exception <a 'java/lang/NullPointerException'> (0x00000007ab8b3e98) thrown at [/Users/java_re/workspace/8-2-build-macosx-x86_64/jdk8u60/4407/hotspot/src/share/vm/prims/jvm.cpp, line 1390]

Events (10 events):
Event: 33.304 loading class java/awt/LightweightDispatcher$2 done
Event: 33.304 loading class java/awt/event/AWTEventListenerProxy
Event: 33.304 loading class java/awt/event/AWTEventListenerProxy done
Event: 33.304 loading class java/awt/Toolkit$ToolkitEventMulticaster
Event: 33.304 loading class java/awt/Toolkit$ToolkitEventMulticaster done
Event: 33.305 Thread 0x00007feffc248800 Thread exited: 0x00007feffc248800
Event: 33.305 loading class java/lang/IllegalThreadStateException
Event: 33.305 loading class java/lang/IllegalThreadStateException done
Event: 33.305 loading class java/awt/Window$1DisposeAction
Event: 33.305 loading class java/awt/Window$1DisposeAction done


Dynamic libraries:
0x0000000006339000 	/System/Library/Frameworks/Cocoa.framework/Versions/A/Cocoa
0x0000000006339000 	/System/Library/Frameworks/Security.framework/Versions/A/Security
0x0000000006339000 	/System/Library/Frameworks/ApplicationServices.framework/Versions/A/ApplicationServices
0x0000000006339000 	/usr/lib/libz.1.dylib
0x0000000006339000 	/usr/lib/libSystem.B.dylib
0x0000000006339000 	/usr/lib/libobjc.A.dylib
0x0000000006339000 	/System/Library/Frameworks/CoreFoundation.framework/Versions/A/CoreFoundation
0x0000000006339000 	/System/Library/Frameworks/Foundation.framework/Versions/C/Foundation
0x0000000006339000 	/System/Library/Frameworks/AppKit.framework/Versions/C/AppKit
0x0000000006339000 	/System/Library/Frameworks/CoreData.framework/Versions/A/CoreData
0x0000000006339000 	/System/Library/PrivateFrameworks/RemoteViewServices.framework/Versions/A/RemoteViewServices
0x0000000006339000 	/System/Library/PrivateFrameworks/UIFoundation.framework/Versions/A/UIFoundation
0x0000000006339000 	/System/Library/Frameworks/IOSurface.framework/Versions/A/IOSurface
0x0000000006339000 	/System/Library/Frameworks/AudioToolbox.framework/Versions/A/AudioToolbox
0x0000000006339000 	/System/Library/Frameworks/AudioUnit.framework/Versions/A/AudioUnit
0x0000000006339000 	/System/Library/PrivateFrameworks/DataDetectorsCore.framework/Versions/A/DataDetectorsCore
0x0000000006339000 	/System/Library/PrivateFrameworks/DesktopServicesPriv.framework/Versions/A/DesktopServicesPriv
0x0000000006339000 	/System/Library/Frameworks/Carbon.framework/Versions/A/Frameworks/HIToolbox.framework/Versions/A/HIToolbox
0x0000000006339000 	/System/Library/Frameworks/QuartzCore.framework/Versions/A/QuartzCore
0x0000000006339000 	/System/Library/Frameworks/Carbon.framework/Versions/A/Frameworks/SpeechRecognition.framework/Versions/A/SpeechRecognition
0x0000000006339000 	/usr/lib/libauto.dylib
0x0000000006339000 	/usr/lib/libicucore.A.dylib
0x0000000006339000 	/usr/lib/libxml2.2.dylib
0x0000000006339000 	/System/Library/PrivateFrameworks/CoreUI.framework/Versions/A/CoreUI
0x0000000006339000 	/System/Library/Frameworks/CoreAudio.framework/Versions/A/CoreAudio
0x0000000006339000 	/System/Library/Frameworks/DiskArbitration.framework/Versions/A/DiskArbitration
0x0000000006339000 	/usr/lib/liblangid.dylib
0x0000000006339000 	/System/Library/PrivateFrameworks/MultitouchSupport.framework/Versions/A/MultitouchSupport
0x0000000006339000 	/System/Library/Frameworks/IOKit.framework/Versions/A/IOKit
0x0000000006339000 	/usr/lib/libDiagnosticMessagesClient.dylib
0x0000000006339000 	/System/Library/Frameworks/CoreServices.framework/Versions/A/CoreServices
0x0000000006339000 	/System/Library/PrivateFrameworks/PerformanceAnalysis.framework/Versions/A/PerformanceAnalysis
0x0000000006339000 	/System/Library/PrivateFrameworks/GenerationalStorage.framework/Versions/A/GenerationalStorage
0x0000000006339000 	/System/Library/Frameworks/OpenGL.framework/Versions/A/OpenGL
0x0000000006339000 	/System/Library/PrivateFrameworks/Sharing.framework/Versions/A/Sharing
0x0000000006339000 	/System/Library/Frameworks/CoreGraphics.framework/Versions/A/CoreGraphics
0x0000000006339000 	/System/Library/Frameworks/CoreText.framework/Versions/A/CoreText
0x0000000006339000 	/System/Library/Frameworks/ImageIO.framework/Versions/A/ImageIO
0x0000000006339000 	/usr/lib/libextension.dylib
0x0000000006339000 	/System/Library/PrivateFrameworks/Backup.framework/Versions/A/Backup
0x0000000006339000 	/usr/lib/libarchive.2.dylib
0x0000000006339000 	/System/Library/Frameworks/CFNetwork.framework/Versions/A/CFNetwork
0x0000000006339000 	/System/Library/Frameworks/SystemConfiguration.framework/Versions/A/SystemConfiguration
0x0000000006339000 	/usr/lib/libCRFSuite.dylib
0x0000000006339000 	/usr/lib/libc++.1.dylib
0x0000000006339000 	/usr/lib/libc++abi.dylib
0x0000000006339000 	/usr/lib/system/libcache.dylib
0x0000000006339000 	/usr/lib/system/libcommonCrypto.dylib
0x0000000006339000 	/usr/lib/system/libcompiler_rt.dylib
0x0000000006339000 	/usr/lib/system/libcopyfile.dylib
0x0000000006339000 	/usr/lib/system/libcorecrypto.dylib
0x0000000006339000 	/usr/lib/system/libdispatch.dylib
0x0000000006339000 	/usr/lib/system/libdyld.dylib
0x0000000006339000 	/usr/lib/system/libkeymgr.dylib
0x0000000006339000 	/usr/lib/system/liblaunch.dylib
0x0000000006339000 	/usr/lib/system/libmacho.dylib
0x0000000006339000 	/usr/lib/system/libquarantine.dylib
0x0000000006339000 	/usr/lib/system/libremovefile.dylib
0x0000000006339000 	/usr/lib/system/libsystem_asl.dylib
0x0000000006339000 	/usr/lib/system/libsystem_blocks.dylib
0x0000000006339000 	/usr/lib/system/libsystem_c.dylib
0x0000000006339000 	/usr/lib/system/libsystem_configuration.dylib
0x0000000006339000 	/usr/lib/system/libsystem_coreservices.dylib
0x0000000006339000 	/usr/lib/system/libsystem_coretls.dylib
0x0000000006339000 	/usr/lib/system/libsystem_dnssd.dylib
0x0000000006339000 	/usr/lib/system/libsystem_info.dylib
0x0000000006339000 	/usr/lib/system/libsystem_kernel.dylib
0x0000000006339000 	/usr/lib/system/libsystem_m.dylib
0x0000000006339000 	/usr/lib/system/libsystem_malloc.dylib
0x0000000006339000 	/usr/lib/system/libsystem_network.dylib
0x0000000006339000 	/usr/lib/system/libsystem_networkextension.dylib
0x0000000006339000 	/usr/lib/system/libsystem_notify.dylib
0x0000000006339000 	/usr/lib/system/libsystem_platform.dylib
0x0000000006339000 	/usr/lib/system/libsystem_pthread.dylib
0x0000000006339000 	/usr/lib/system/libsystem_sandbox.dylib
0x0000000006339000 	/usr/lib/system/libsystem_secinit.dylib
0x0000000006339000 	/usr/lib/system/libsystem_stats.dylib
0x0000000006339000 	/usr/lib/system/libsystem_trace.dylib
0x0000000006339000 	/usr/lib/system/libunc.dylib
0x0000000006339000 	/usr/lib/system/libunwind.dylib
0x0000000006339000 	/usr/lib/system/libxpc.dylib
0x0000000006339000 	/usr/lib/libbz2.1.0.dylib
0x0000000006339000 	/usr/lib/liblzma.5.dylib
0x0000000006339000 	/usr/lib/libbsm.0.dylib
0x0000000006339000 	/usr/lib/libsqlite3.dylib
0x0000000006339000 	/usr/lib/system/libkxld.dylib
0x0000000006339000 	/usr/lib/libxar.1.dylib
0x0000000006339000 	/usr/lib/libpam.2.dylib
0x0000000006339000 	/usr/lib/libOpenScriptingUtil.dylib
0x0000000006339000 	/System/Library/Frameworks/CoreServices.framework/Versions/A/Frameworks/FSEvents.framework/Versions/A/FSEvents
0x0000000006339000 	/System/Library/Frameworks/CoreServices.framework/Versions/A/Frameworks/CarbonCore.framework/Versions/A/CarbonCore
0x0000000006339000 	/System/Library/Frameworks/CoreServices.framework/Versions/A/Frameworks/Metadata.framework/Versions/A/Metadata
0x0000000006339000 	/System/Library/Frameworks/CoreServices.framework/Versions/A/Frameworks/OSServices.framework/Versions/A/OSServices
0x0000000006339000 	/System/Library/Frameworks/CoreServices.framework/Versions/A/Frameworks/SearchKit.framework/Versions/A/SearchKit
0x0000000006339000 	/System/Library/Frameworks/CoreServices.framework/Versions/A/Frameworks/AE.framework/Versions/A/AE
0x0000000006339000 	/System/Library/Frameworks/CoreServices.framework/Versions/A/Frameworks/LaunchServices.framework/Versions/A/LaunchServices
0x0000000006339000 	/System/Library/Frameworks/CoreServices.framework/Versions/A/Frameworks/DictionaryServices.framework/Versions/A/DictionaryServices
0x0000000006339000 	/System/Library/Frameworks/NetFS.framework/Versions/A/NetFS
0x0000000006339000 	/System/Library/PrivateFrameworks/NetAuth.framework/Versions/A/NetAuth
0x0000000006339000 	/System/Library/PrivateFrameworks/login.framework/Versions/A/Frameworks/loginsupport.framework/Versions/A/loginsupport
0x0000000006339000 	/System/Library/PrivateFrameworks/TCC.framework/Versions/A/TCC
0x0000000006339000 	/usr/lib/libmecabra.dylib
0x0000000006339000 	/System/Library/Frameworks/ApplicationServices.framework/Versions/A/Frameworks/ATS.framework/Versions/A/ATS
0x0000000006339000 	/System/Library/Frameworks/ApplicationServices.framework/Versions/A/Frameworks/ColorSync.framework/Versions/A/ColorSync
0x0000000006339000 	/System/Library/Frameworks/ApplicationServices.framework/Versions/A/Frameworks/HIServices.framework/Versions/A/HIServices
0x0000000006339000 	/System/Library/Frameworks/ApplicationServices.framework/Versions/A/Frameworks/LangAnalysis.framework/Versions/A/LangAnalysis
0x0000000006339000 	/System/Library/Frameworks/ApplicationServices.framework/Versions/A/Frameworks/PrintCore.framework/Versions/A/PrintCore
0x0000000006339000 	/System/Library/Frameworks/ApplicationServices.framework/Versions/A/Frameworks/QD.framework/Versions/A/QD
0x0000000006339000 	/System/Library/Frameworks/ApplicationServices.framework/Versions/A/Frameworks/SpeechSynthesis.framework/Versions/A/SpeechSynthesis
0x0000000006339000 	/System/Library/Frameworks/Accelerate.framework/Versions/A/Accelerate
0x0000000006339000 	/System/Library/Frameworks/Accelerate.framework/Versions/A/Frameworks/vImage.framework/Versions/A/vImage
0x0000000006339000 	/System/Library/Frameworks/Accelerate.framework/Versions/A/Frameworks/vecLib.framework/Versions/A/vecLib
0x0000000006339000 	/System/Library/Frameworks/Accelerate.framework/Versions/A/Frameworks/vecLib.framework/Versions/A/libvDSP.dylib
0x0000000006339000 	/System/Library/Frameworks/Accelerate.framework/Versions/A/Frameworks/vecLib.framework/Versions/A/libvMisc.dylib
0x0000000006339000 	/System/Library/Frameworks/Accelerate.framework/Versions/A/Frameworks/vecLib.framework/Versions/A/libLAPACK.dylib
0x0000000006339000 	/System/Library/Frameworks/Accelerate.framework/Versions/A/Frameworks/vecLib.framework/Versions/A/libBLAS.dylib
0x0000000006339000 	/System/Library/Frameworks/Accelerate.framework/Versions/A/Frameworks/vecLib.framework/Versions/A/libLinearAlgebra.dylib
0x0000000006339000 	/System/Library/Frameworks/ApplicationServices.framework/Versions/A/Frameworks/ATS.framework/Versions/A/Resources/libFontParser.dylib
0x0000000006339000 	/System/Library/Frameworks/ApplicationServices.framework/Versions/A/Frameworks/ATS.framework/Versions/A/Resources/libFontRegistry.dylib
0x0000000006339000 	/System/Library/PrivateFrameworks/AppleVPA.framework/Versions/A/AppleVPA
0x0000000006339000 	/System/Library/PrivateFrameworks/AppleJPEG.framework/Versions/A/AppleJPEG
0x0000000006339000 	/System/Library/Frameworks/ImageIO.framework/Versions/A/Resources/libJPEG.dylib
0x0000000006339000 	/System/Library/Frameworks/ImageIO.framework/Versions/A/Resources/libTIFF.dylib
0x0000000006339000 	/System/Library/Frameworks/ImageIO.framework/Versions/A/Resources/libPng.dylib
0x0000000006339000 	/System/Library/Frameworks/ImageIO.framework/Versions/A/Resources/libGIF.dylib
0x0000000006339000 	/System/Library/Frameworks/ImageIO.framework/Versions/A/Resources/libJP2.dylib
0x0000000006339000 	/System/Library/Frameworks/ImageIO.framework/Versions/A/Resources/libRadiance.dylib
0x0000000006339000 	/System/Library/Frameworks/CoreVideo.framework/Versions/A/CoreVideo
0x0000000006339000 	/System/Library/Frameworks/OpenGL.framework/Versions/A/Libraries/libGLU.dylib
0x0000000006339000 	/System/Library/Frameworks/OpenGL.framework/Versions/A/Libraries/libGFXShared.dylib
0x0000000006339000 	/System/Library/Frameworks/OpenGL.framework/Versions/A/Libraries/libGL.dylib
0x0000000006339000 	/System/Library/Frameworks/OpenGL.framework/Versions/A/Libraries/libGLImage.dylib
0x0000000006339000 	/System/Library/Frameworks/OpenGL.framework/Versions/A/Libraries/libCVMSPluginSupport.dylib
0x0000000006339000 	/System/Library/Frameworks/OpenGL.framework/Versions/A/Libraries/libCoreVMClient.dylib
0x0000000006339000 	/usr/lib/libcups.2.dylib
0x0000000006339000 	/System/Library/Frameworks/Kerberos.framework/Versions/A/Kerberos
0x0000000006339000 	/System/Library/Frameworks/GSS.framework/Versions/A/GSS
0x0000000006339000 	/usr/lib/libresolv.9.dylib
0x0000000006339000 	/usr/lib/libiconv.2.dylib
0x0000000006339000 	/System/Library/PrivateFrameworks/Heimdal.framework/Versions/A/Heimdal
0x0000000006339000 	/usr/lib/libheimdal-asn1.dylib
0x0000000006339000 	/System/Library/Frameworks/OpenDirectory.framework/Versions/A/OpenDirectory
0x0000000006339000 	/System/Library/PrivateFrameworks/CommonAuth.framework/Versions/A/CommonAuth
0x0000000006339000 	/System/Library/Frameworks/OpenDirectory.framework/Versions/A/Frameworks/CFOpenDirectory.framework/Versions/A/CFOpenDirectory
0x0000000006339000 	/System/Library/Frameworks/SecurityFoundation.framework/Versions/A/SecurityFoundation
0x0000000006339000 	/System/Library/PrivateFrameworks/LanguageModeling.framework/Versions/A/LanguageModeling
0x0000000006339000 	/usr/lib/libcmph.dylib
0x0000000006339000 	/System/Library/Frameworks/ServiceManagement.framework/Versions/A/ServiceManagement
0x0000000006339000 	/usr/lib/libxslt.1.dylib
0x0000000006339000 	/System/Library/Frameworks/Carbon.framework/Versions/A/Frameworks/Ink.framework/Versions/A/Ink
0x0000000006339000 	/System/Library/Frameworks/QuartzCore.framework/Versions/A/Frameworks/CoreImage.framework/Versions/A/CoreImage
0x0000000006339000 	/System/Library/PrivateFrameworks/CrashReporterSupport.framework/Versions/A/CrashReporterSupport
0x0000000006339000 	/System/Library/Frameworks/OpenCL.framework/Versions/A/OpenCL
0x0000000006339000 	/System/Library/PrivateFrameworks/FaceCore.framework/Versions/A/FaceCore
0x0000000006339000 	/System/Library/PrivateFrameworks/Ubiquity.framework/Versions/A/Ubiquity
0x0000000006339000 	/System/Library/PrivateFrameworks/IconServices.framework/Versions/A/IconServices
0x0000000006339000 	/System/Library/PrivateFrameworks/ChunkingLibrary.framework/Versions/A/ChunkingLibrary
0x0000000006339000 	/System/Library/PrivateFrameworks/Apple80211.framework/Versions/A/Apple80211
0x0000000006339000 	/System/Library/Frameworks/CoreWLAN.framework/Versions/A/CoreWLAN
0x0000000006339000 	/System/Library/Frameworks/IOBluetooth.framework/Versions/A/IOBluetooth
0x0000000006339000 	/System/Library/PrivateFrameworks/CoreWiFi.framework/Versions/A/CoreWiFi
0x0000000006339000 	/System/Library/Frameworks/CoreBluetooth.framework/Versions/A/CoreBluetooth
0x0000000006339000 	/System/Library/PrivateFrameworks/DebugSymbols.framework/Versions/A/DebugSymbols
0x0000000006339000 	/System/Library/PrivateFrameworks/CoreSymbolication.framework/Versions/A/CoreSymbolication
0x0000000006339000 	/System/Library/PrivateFrameworks/Symbolication.framework/Versions/A/Symbolication
0x0000000006339000 	/System/Library/PrivateFrameworks/SpeechRecognitionCore.framework/Versions/A/SpeechRecognitionCore
0x0000000108600000 	/Library/Java/JavaVirtualMachines/jdk1.8.0_60.jdk/Contents/Home/jre/lib/server/libjvm.dylib
0x0000000006339000 	/usr/lib/libstdc++.6.dylib
0x0000000107dc1000 	/Library/Java/JavaVirtualMachines/jdk1.8.0_60.jdk/Contents/Home/jre/lib/libverify.dylib
0x000000010968c000 	/Library/Java/JavaVirtualMachines/jdk1.8.0_60.jdk/Contents/Home/jre/lib/libjava.dylib
0x0000000107dd9000 	/Library/Java/JavaVirtualMachines/jdk1.8.0_60.jdk/Contents/Home/jre/lib/libzip.dylib
0x000000011d1bb000 	/System/Library/Frameworks/JavaVM.framework/Frameworks/JavaRuntimeSupport.framework/JavaRuntimeSupport
0x000000011d1d1000 	/System/Library/Frameworks/JavaVM.framework/Versions/A/Frameworks/JavaNativeFoundation.framework/Versions/A/JavaNativeFoundation
0x000000011d1e5000 	/System/Library/Frameworks/JavaVM.framework/Versions/A/JavaVM
0x0000000006339000 	/System/Library/Frameworks/Carbon.framework/Versions/A/Carbon
0x000000011d1f1000 	/System/Library/PrivateFrameworks/JavaLaunching.framework/Versions/A/JavaLaunching
0x0000000006339000 	/System/Library/Frameworks/Carbon.framework/Versions/A/Frameworks/CommonPanels.framework/Versions/A/CommonPanels
0x0000000006339000 	/System/Library/Frameworks/Carbon.framework/Versions/A/Frameworks/Help.framework/Versions/A/Help
0x0000000006339000 	/System/Library/Frameworks/Carbon.framework/Versions/A/Frameworks/ImageCapture.framework/Versions/A/ImageCapture
0x0000000006339000 	/System/Library/Frameworks/Carbon.framework/Versions/A/Frameworks/OpenScripting.framework/Versions/A/OpenScripting
0x0000000006339000 	/System/Library/Frameworks/Carbon.framework/Versions/A/Frameworks/Print.framework/Versions/A/Print
0x0000000006339000 	/System/Library/Frameworks/Carbon.framework/Versions/A/Frameworks/SecurityHI.framework/Versions/A/SecurityHI
0x000000011f0e8000 	/Library/Java/JavaVirtualMachines/jdk1.8.0_60.jdk/Contents/Home/jre/lib/libawt.dylib
0x000000011f190000 	/Library/Java/JavaVirtualMachines/jdk1.8.0_60.jdk/Contents/Home/jre/lib/./libmlib_image.dylib
0x000000011f25c000 	/Library/Java/JavaVirtualMachines/jdk1.8.0_60.jdk/Contents/Home/jre/lib/libawt_lwawt.dylib
0x000000011f311000 	/Library/Java/JavaVirtualMachines/jdk1.8.0_60.jdk/Contents/Home/jre/lib/./libosxapp.dylib
0x0000000006339000 	/System/Library/Frameworks/ExceptionHandling.framework/Versions/A/ExceptionHandling
0x0000000006339000 	/System/Library/PrivateFrameworks/CoreServicesInternal.framework/Versions/A/CoreServicesInternal
0x0000000006339000 	/System/Library/PrivateFrameworks/CloudDocs.framework/Versions/A/CloudDocs
0x0000000006339000 	/System/Library/PrivateFrameworks/CoreDuet.framework/Versions/A/CoreDuet
0x0000000006339000 	/System/Library/Frameworks/CloudKit.framework/Versions/A/CloudKit
0x0000000006339000 	/System/Library/PrivateFrameworks/ProtocolBuffer.framework/Versions/A/ProtocolBuffer
0x0000000006339000 	/System/Library/PrivateFrameworks/CoreDuetDaemonProtocol.framework/Versions/A/CoreDuetDaemonProtocol
0x0000000006339000 	/System/Library/PrivateFrameworks/CoreDuetDebugLogging.framework/Versions/A/CoreDuetDebugLogging
0x0000000006339000 	/System/Library/PrivateFrameworks/MMCS.framework/Versions/A/MMCS
0x0000000006339000 	/System/Library/Frameworks/CoreLocation.framework/Versions/A/CoreLocation
0x0000000006339000 	/System/Library/PrivateFrameworks/ProtectedCloudStorage.framework/Versions/A/ProtectedCloudStorage
0x0000000006339000 	/System/Library/PrivateFrameworks/GeoServices.framework/Versions/A/GeoServices
0x0000000006339000 	/System/Library/Frameworks/CoreGraphics.framework/Versions/A/Resources/libCGCMS.A.dylib
0x0000000006339000 	/System/Library/Frameworks/CoreGraphics.framework/Versions/A/Resources/libRIP.A.dylib
0x0000000006339000 	/System/Library/Frameworks/CoreGraphics.framework/Versions/A/Resources/libCGXType.A.dylib
0x0000000006339000 	/System/Library/Frameworks/OpenCL.framework/Versions/A/Libraries/libcldcpuengine.dylib
0x0000000006339000 	/System/Library/PrivateFrameworks/DiskImages.framework/Versions/A/DiskImages
0x0000000006339000 	/System/Library/Frameworks/DiscRecording.framework/Versions/A/DiscRecording
0x0000000006339000 	/usr/lib/libcsfde.dylib
0x0000000006339000 	/usr/lib/libcurl.4.dylib
0x0000000006339000 	/System/Library/PrivateFrameworks/MediaKit.framework/Versions/A/MediaKit
0x0000000006339000 	/usr/lib/libCoreStorage.dylib
0x0000000006339000 	/System/Library/PrivateFrameworks/EFILogin.framework/Versions/A/EFILogin
0x0000000006339000 	/usr/lib/libutil.dylib
0x0000000006339000 	/System/Library/PrivateFrameworks/FindMyDevice.framework/Versions/A/FindMyDevice
0x0000000006339000 	/System/Library/Frameworks/LDAP.framework/Versions/A/LDAP
0x0000000006339000 	/usr/lib/libsasl2.2.dylib
0x0000000006339000 	/System/Library/PrivateFrameworks/CoreDaemon.framework/Versions/B/CoreDaemon
0x0000000006339000 	/usr/lib/libcrypto.0.9.8.dylib
0x0000000006339000 	/System/Library/PrivateFrameworks/AppleSRP.framework/Versions/A/AppleSRP
0x0000000006339000 	/System/Library/PrivateFrameworks/TrustEvaluationAgent.framework/Versions/A/TrustEvaluationAgent
0x000000012210a000 	cl_kernels
0x000000012210c000 	/System/Library/Frameworks/OpenCL.framework/Versions/A/Libraries/ImageFormats/unorm8_bgra.dylib
0x00000001220fb000 	cl_kernels
0x0000000006339000 	/System/Library/PrivateFrameworks/FamilyControls.framework/Versions/A/FamilyControls
0x0000000006339000 	/System/Library/PrivateFrameworks/CommerceKit.framework/Versions/A/Frameworks/CommerceCore.framework/Versions/A/CommerceCore
0x0000000006339000 	/System/Library/PrivateFrameworks/SystemAdministration.framework/Versions/A/SystemAdministration
0x0000000006339000 	/System/Library/PrivateFrameworks/AppContainer.framework/Versions/A/AppContainer
0x0000000006339000 	/System/Library/PrivateFrameworks/SecCodeWrapper.framework/Versions/A/SecCodeWrapper
0x0000000006339000 	/System/Library/Frameworks/DirectoryService.framework/Versions/A/DirectoryService
0x0000000006339000 	/System/Library/PrivateFrameworks/LoginUIKit.framework/Versions/A/Frameworks/LoginUICore.framework/Versions/A/LoginUICore
0x0000000006339000 	/usr/lib/libodfde.dylib
0x0000000006339000 	/System/Library/Frameworks/OpenGL.framework/Versions/A/Resources/GLEngine.bundle/GLEngine
0x0000000006339000 	/System/Library/Frameworks/OpenGL.framework/Versions/A/Libraries/libGLProgrammability.dylib
0x0000000123479000 	/System/Library/Extensions/AppleIntelHD4000GraphicsGLDriver.bundle/Contents/MacOS/AppleIntelHD4000GraphicsGLDriver
0x0000000006339000 	/System/Library/PrivateFrameworks/IOAccelerator.framework/Versions/A/IOAccelerator
0x0000000006339000 	/System/Library/PrivateFrameworks/GPUSupport.framework/Versions/A/Libraries/libGPUSupportMercury.dylib
0x0000000006339000 	/System/Library/Frameworks/OpenGL.framework/Versions/A/Resources/GLRendererFloat.bundle/GLRendererFloat
0x0000000124478000 	/Library/Java/JavaVirtualMachines/jdk1.8.0_60.jdk/Contents/Home/jre/lib/libfontmanager.dylib
0x00000001256fc000 	/Library/Java/JavaVirtualMachines/jdk1.8.0_60.jdk/Contents/Home/jre/lib/libosxui.dylib
0x00000001259d4000 	/Library/Java/JavaVirtualMachines/jdk1.8.0_60.jdk/Contents/Home/jre/lib/libnet.dylib
0x0000000125a33000 	/Library/Java/JavaVirtualMachines/jdk1.8.0_60.jdk/Contents/Home/jre/lib/libnio.dylib
0x0000000006339000 	/System/Library/Frameworks/ApplicationServices.framework/Versions/A/Frameworks/ATS.framework/Versions/A/Resources/libTrueTypeScaler.dylib
0x00000001924e3000 	/private/var/folders/s9/msrbz975281bgjs5l4v728340000gn/T/jogamp_0000/file_cache/jln3948974323461908168/jln2152868912387289738/libgluegen-rt.jnilib
0x00000001924e7000 	/private/var/folders/s9/msrbz975281bgjs5l4v728340000gn/T/jogamp_0000/file_cache/jln3948974323461908168/jln2152868912387289738/libnativewindow_awt.jnilib
0x00000001924ea000 	/Library/Java/JavaVirtualMachines/jdk1.8.0_60.jdk/Contents/Home/jre/lib/libjawt.dylib
0x00000001924ed000 	/private/var/folders/s9/msrbz975281bgjs5l4v728340000gn/T/jogamp_0000/file_cache/jln3948974323461908168/jln2152868912387289738/libnativewindow_macosx.jnilib
0x0000000194043000 	/private/var/folders/s9/msrbz975281bgjs5l4v728340000gn/T/jogamp_0000/file_cache/jln3948974323461908168/jln2152868912387289738/libjogl_desktop.jnilib

VM Arguments:
jvm_args: -Djava.security.policy=java.policy.applet -Dfile.encoding=UTF-8 
java_command: sun.applet.AppletViewer testers.GameSurface1463497542369.html
java_class_path (initial): /Users/WaveleyQiu/Documents/APCSFINALPROJECT/zen-snowball/ZenSnowball/bin:/Users/WaveleyQiu/Documents/APCSFINALPROJECT/zen-snowball/ZenSnowball/lib/ext/j3dcore.jar:/Users/WaveleyQiu/Documents/APCSFINALPROJECT/zen-snowball/ZenSnowball/lib/ext/j3dutils.jar:/Users/WaveleyQiu/Documents/APCSFINALPROJECT/zen-snowball/ZenSnowball/lib/ext/vecmath.jar:/Users/WaveleyQiu/Documents/APCSFINALPROJECT/zen-snowball/ZenSnowball/lib/corewindows32.jar:/Users/WaveleyQiu/Documents/APCSFINALPROJECT/zen-snowball/ZenSnowball/lib/core.jar:/Users/WaveleyQiu/Documents/APCSFINALPROJECT/zen-snowball/ZenSnowball/lib/gluegen-rt-natives-windows-amd64.jar:/Users/WaveleyQiu/Documents/APCSFINALPROJECT/zen-snowball/ZenSnowball/lib/gluegen-rt-natives-windows-i586.jar:/Users/WaveleyQiu/Documents/APCSFINALPROJECT/zen-snowball/ZenSnowball/lib/gluegen-rt.jar:/Users/WaveleyQiu/Documents/APCSFINALPROJECT/zen-snowball/ZenSnowball/lib/jogl-all-natives-windows-amd64.jar:/Users/WaveleyQiu/Documents/APCSFINALPROJECT/zen-snowball/ZenSnowball/lib/jogl-all-natives-windows-i586.jar:/Users/WaveleyQiu/Documents/APCSFINALPROJECT/zen-snowball/ZenSnowball/lib/jogl-all.jar:/Users/WaveleyQiu/Documents/APCSFINALPROJECT/zen-snowball/ZenSnowball/lib/gluegen-rt-natives-macosx-universal.jar:/Users/WaveleyQiu/Documents/APCSFINALPROJECT/zen-snowball/ZenSnowball/lib/jogl-all-natives-macosx-universal.jar
Launcher Type: SUN_STANDARD

Environment Variables:
PATH=/usr/bin:/bin:/usr/sbin:/sbin
SHELL=/bin/bash

Signal Handlers:
SIGSEGV: [libjvm.dylib+0x5a6d31], sa_mask[0]=11111111011111110111111111111111, sa_flags=SA_ONSTACK|SA_RESTART|SA_SIGINFO
SIGBUS: [libjvm.dylib+0x5a6d31], sa_mask[0]=11111111011111110111111111111111, sa_flags=SA_RESTART|SA_SIGINFO
SIGFPE: [libjvm.dylib+0x480a4c], sa_mask[0]=11111111011111110111111111111111, sa_flags=SA_RESTART|SA_SIGINFO
SIGPIPE: [libjvm.dylib+0x480a4c], sa_mask[0]=11111111011111110111111111111111, sa_flags=SA_RESTART|SA_SIGINFO
SIGXFSZ: [libjvm.dylib+0x480a4c], sa_mask[0]=11111111011111110111111111111111, sa_flags=SA_RESTART|SA_SIGINFO
SIGILL: [libjvm.dylib+0x480a4c], sa_mask[0]=11111111011111110111111111111111, sa_flags=SA_RESTART|SA_SIGINFO
SIGUSR1: SIG_DFL, sa_mask[0]=00000000000000000000000000000000, sa_flags=none
SIGUSR2: [libjvm.dylib+0x48056a], sa_mask[0]=00100000000000000000000000000000, sa_flags=SA_RESTART|SA_SIGINFO
SIGHUP: [libjvm.dylib+0x47eb41], sa_mask[0]=11111111011111110111111111111111, sa_flags=SA_RESTART|SA_SIGINFO
SIGINT: [libjvm.dylib+0x47eb41], sa_mask[0]=11111111011111110111111111111111, sa_flags=SA_RESTART|SA_SIGINFO
SIGTERM: [libjvm.dylib+0x47eb41], sa_mask[0]=11111111011111110111111111111111, sa_flags=SA_RESTART|SA_SIGINFO
SIGQUIT: [libjvm.dylib+0x47eb41], sa_mask[0]=11111111011111110111111111111111, sa_flags=SA_RESTART|SA_SIGINFO


---------------  S Y S T E M  ---------------

OS:Bsduname:Darwin 14.5.0 Darwin Kernel Version 14.5.0: Wed Jul 29 02:26:53 PDT 2015; root:xnu-2782.40.9~1/RELEASE_X86_64 x86_64
rlimit: STACK 8192k, CORE 0k, NPROC 709, NOFILE 10240, AS infinity
load average:2.18 2.03 2.08

CPU:total 4 (2 cores per cpu, 2 threads per core) family 6 model 58 stepping 9, cmov, cx8, fxsr, mmx, sse, sse2, sse3, ssse3, sse4.1, sse4.2, popcnt, avx, aes, clmul, erms, ht, tsc, tscinvbit, tscinv

Memory: 4k page, physical 4194304k(58832k free)

/proc/meminfo:


vm_info: Java HotSpot(TM) 64-Bit Server VM (25.60-b23) for bsd-amd64 JRE (1.8.0_60-b27), built on Aug  4 2015 10:47:24 by "java_re" with gcc 4.2.1 (Based on Apple Inc. build 5658) (LLVM build 2336.11.00)

time: Tue May 17 08:06:15 2016
elapsed time: 33 seconds (0d 0h 0m 33s)

